<?xml version="1.0" encoding="UTF-8"?>
<!-- Generated by org.testng.reporters.JUnitReportReporter -->
<testsuite hostname="Pradeep-Laptop" failures="0" tests="2" name="JUnitPractice.JUnitSample$NewTest" time="0.007" errors="0" timestamp="2023-04-10T17:40:11 MDT" skipped="0">
  <testcase classname="JUnitPractice.JUnitSample$NewTest" name="test1" time="0.006"/>
  <system-out/>
  <testcase classname="JUnitPractice.JUnitSample$NewTest" name="test2" time="0.001"/>
  <system-out/>
</testsuite> <!-- JUnitPractice.JUnitSample$NewTest -->
