<?xml version="1.0" encoding="UTF-8"?>
<!-- Generated by org.testng.reporters.JUnitReportReporter -->
<testsuite hostname="Pradeep-Laptop" failures="0" tests="3" name="Practice.ParameterizedLoginTest" time="23.186" errors="0" timestamp="2023-04-19T16:53:51 MDT" skipped="0">
  <testcase classname="Practice.ParameterizedLoginTest" name="login" time="6.053"/>
  <system-out/>
  <testcase classname="Practice.ParameterizedLoginTest" name="login" time="5.838"/>
  <system-out/>
  <testcase classname="Practice.ParameterizedLoginTest" name="login" time="11.295"/>
  <system-out/>
</testsuite> <!-- Practice.ParameterizedLoginTest -->
