<?xml version="1.0" encoding="UTF-8"?>
<!-- Generated by org.testng.reporters.JUnitReportReporter -->
<testsuite hostname="Pradeep-Laptop" failures="0" tests="3" name="DataDrivenPractice" time="16.243" errors="0" timestamp="2023-04-21T18:46:50 MDT" skipped="0">
  <testcase classname="DataDrivenPractice" name="login" time="5.462"/>
  <system-out/>
  <testcase classname="DataDrivenPractice" name="login" time="5.497"/>
  <system-out/>
  <testcase classname="DataDrivenPractice" name="login" time="5.284"/>
  <system-out/>
</testsuite> <!-- DataDrivenPractice -->
